DEPRECATED: The legacy builder is deprecated and will be removed in a future release.
            BuildKit is currently disabled; enable it by removing the DOCKER_BUILDKIT=0
            environment-variable.

Sending build context to Docker daemon  1.504MB
Step 1/29 : FROM node:18-slim AS builder
 ---> 129f352d554a
Step 2/29 : RUN apt-get update && apt-get install -y openssl curl &&     rm -rf /var/lib/apt/lists/*
 ---> Using cache
 ---> 00ad660cb4f9
Step 3/29 : RUN corepack enable && corepack prepare pnpm@latest --activate
 ---> Using cache
 ---> 70cae838d039
Step 4/29 : WORKDIR /app
 ---> Using cache
 ---> d5bdeea05748
Step 5/29 : COPY package.json ./
 ---> Using cache
 ---> 43373ec6c019
Step 6/29 : COPY prisma ./prisma/
 ---> Using cache
 ---> 9881d75e4e7c
Step 7/29 : RUN pnpm install --no-frozen-lockfile
 ---> Running in fe20cd1c20af
[91m! The local project doesn't define a 'packageManager' field. Corepack will now add one referencing pnpm@10.4.1+sha512.c753b6c3ad7afa13af388fa6d808035a008e30ea9993f58c6663e2bc5ff21679aa834db094987129aa4d488b86df57f7b634981b2f827cdcacc698cc0cfb88af.
! For more details about this field, consult the documentation at https://nodejs.org/api/packages.html#packagemanager

[0mProgress: resolved 1, reused 0, downloaded 0, added 0
 WARN  deprecated eslint@8.57.1: This version is no longer supported. Please see https://eslint.org/version-support for other options.
 WARN  deprecated @types/stripe@8.0.417: This is a stub types definition. stripe provides its own type definitions, so you do not need this installed.
Progress: resolved 40, reused 0, downloaded 37, added 0
Progress: resolved 45, reused 0, downloaded 44, added 0
Progress: resolved 65, reused 0, downloaded 57, added 0
Progress: resolved 139, reused 0, downloaded 124, added 0
Progress: resolved 235, reused 0, downloaded 216, added 0
Progress: resolved 325, reused 0, downloaded 278, added 0
Progress: resolved 386, reused 0, downloaded 334, added 0
Progress: resolved 408, reused 0, downloaded 359, added 0
Progress: resolved 459, reused 0, downloaded 404, added 0
Progress: resolved 482, reused 0, downloaded 456, added 0
Progress: resolved 488, reused 0, downloaded 462, added 0
 WARN  9 deprecated subdependencies found: @humanwhocodes/config-array@0.13.0, @humanwhocodes/object-schema@2.0.3, glob@7.1.6, glob@7.2.3, inflight@1.0.6, lodash.get@4.4.2, lodash.isequal@4.5.0, rimraf@2.7.1, rimraf@3.0.2
Packages: +467
++++++++++++++++++++++++++++++++++++++++++++++++++++++++++++++++++++++++++++++++
Progress: resolved 492, reused 0, downloaded 467, added 237
Progress: resolved 492, reused 0, downloaded 467, added 467, done

> @fundive/backend@0.0.1 postinstall /app
> corepack enable && corepack prepare pnpm@latest --activate

Preparing pnpm@latest for immediate activation...

dependencies:
+ @prisma/client 6.4.1
+ @tanstack/react-query 5.66.9
+ @tanstack/react-query-devtools 5.66.9
+ @types/node-cron 3.0.11
+ @types/stripe 8.0.417 deprecated
+ @types/swagger-jsdoc 6.0.4
+ @types/swagger-ui-express 4.1.8
+ bcryptjs 2.4.3 (3.0.2 is available)
+ cookie-parser 1.4.7
+ cors 2.8.5
+ cron 3.5.0 (4.0.0 is available)
+ date-fns 4.1.0
+ dotenv 16.4.7
+ express 4.21.2
+ express-rate-limit 7.5.0
+ express-validator 7.2.1
+ firebase-admin 13.1.0
+ helmet 8.0.0
+ jsonwebtoken 9.0.2
+ node-cache 5.1.2
+ node-cron 3.0.3
+ nodemailer 6.10.0
+ react-hot-toast 2.5.2
+ socket.io 4.8.1
+ stripe 17.6.0
+ swagger-jsdoc 6.2.8
+ swagger-ui-express 5.0.1
+ uuid 11.1.0

devDependencies:
+ @types/bcryptjs 2.4.6
+ @types/cookie-parser 1.4.8
+ @types/cors 2.8.17
+ @types/express 4.17.21 (5.0.0 is available)
+ @types/jsonwebtoken 9.0.9
+ @types/node 20.17.19 (22.13.5 is available)
+ @types/nodemailer 6.4.17
+ @types/uuid 10.0.0
+ @typescript-eslint/eslint-plugin 6.21.0 (8.25.0 is available)
+ @typescript-eslint/parser 6.21.0 (8.25.0 is available)
+ eslint 8.57.1 (9.21.0 is available) deprecated
+ pnpm 8.15.9 (10.4.1 is available)
+ prisma 6.4.1
+ ts-node 10.9.2
+ ts-node-dev 2.0.0
+ tsx 4.19.3
+ typescript 5.7.3
+ zod-prisma-types 3.2.4

╭ Warning ─────────────────────────────────────────────────────────────────────╮│                                                                              ││   Ignored build scripts: @prisma/client, @prisma/engines, @scarf/scarf,      ││   esbuild, prisma, protobufjs.                                               ││   Run "pnpm approve-builds" to pick which dependencies should be allowed     ││   to run scripts.                                                            ││                                                                              │╰──────────────────────────────────────────────────────────────────────────────╯

Done in 16.1s using pnpm v10.4.1
